  EyeScroll.cpp
c:\users\sangeeta\source\repos\eyescroll\eyescroll\eyescroll.cpp(23): warning C4018: '<': signed/unsigned mismatch
c:\users\sangeeta\source\repos\eyescroll\eyescroll\eyescroll.cpp(37): warning C4018: '<': signed/unsigned mismatch
c:\users\sangeeta\source\repos\eyescroll\eyescroll\eyescroll.cpp(52): warning C4018: '<': signed/unsigned mismatch
c:\users\sangeeta\source\repos\eyescroll\eyescroll\eyescroll.cpp(71): warning C4018: '<': signed/unsigned mismatch
c:\users\sangeeta\source\repos\eyescroll\eyescroll\eyescroll.cpp(91): warning C4018: '<': signed/unsigned mismatch
c:\users\sangeeta\source\repos\eyescroll\eyescroll\eyescroll.cpp(102): warning C4244: 'argument': conversion from 'float' to 'int', possible loss of data
c:\users\sangeeta\source\repos\eyescroll\eyescroll\eyescroll.cpp(138): warning C4244: 'argument': conversion from 'float' to 'int', possible loss of data
c:\users\sangeeta\source\repos\eyescroll\eyescroll\eyescroll.cpp(158): warning C4244: 'argument': conversion from 'float' to 'int', possible loss of data
EyeScroll.obj : error LNK2019: unresolved external symbol "void __cdecl cv::fastFree(void *)" (?fastFree@cv@@YAXPAX@Z) referenced in function "public: __thiscall cv::Mat::~Mat(void)" (??1Mat@cv@@QAE@XZ)
EyeScroll.obj : error LNK2019: unresolved external symbol "private: char * __thiscall cv::String::allocate(unsigned int)" (?allocate@String@cv@@AAEPADI@Z) referenced in function "public: __thiscall cv::String::String(char const *)" (??0String@cv@@QAE@PBD@Z)
EyeScroll.obj : error LNK2019: unresolved external symbol "private: void __thiscall cv::String::deallocate(void)" (?deallocate@String@cv@@AAEXXZ) referenced in function "public: __thiscall cv::String::~String(void)" (??1String@cv@@QAE@XZ)
EyeScroll.obj : error LNK2019: unresolved external symbol "void __cdecl cv::error(int,class cv::String const &,char const *,char const *,int)" (?error@cv@@YAXHABVString@1@PBD1H@Z) referenced in function "public: unsigned char * __thiscall cv::Mat::ptr<unsigned char>(int)" (??$ptr@E@Mat@cv@@QAEPAEH@Z)
EyeScroll.obj : error LNK2019: unresolved external symbol "public: __thiscall cv::Mat::Mat(class cv::Mat const &,class cv::Rect_<int> const &)" (??0Mat@cv@@QAE@ABV01@ABV?$Rect_@H@1@@Z) referenced in function "public: class cv::Mat __thiscall cv::Mat::operator()(class cv::Rect_<int> const &)const " (??RMat@cv@@QBE?AV01@ABV?$Rect_@H@1@@Z)
EyeScroll.obj : error LNK2019: unresolved external symbol "public: void __thiscall cv::Mat::deallocate(void)" (?deallocate@Mat@cv@@QAEXXZ) referenced in function "public: void __thiscall cv::Mat::release(void)" (?release@Mat@cv@@QAEXXZ)
EyeScroll.obj : error LNK2019: unresolved external symbol "public: __thiscall cv::VideoCapture::VideoCapture(int)" (??0VideoCapture@cv@@QAE@H@Z) referenced in function _main
EyeScroll.obj : error LNK2019: unresolved external symbol "public: virtual __thiscall cv::VideoCapture::~VideoCapture(void)" (??1VideoCapture@cv@@UAE@XZ) referenced in function _main
EyeScroll.obj : error LNK2019: unresolved external symbol "int __cdecl cv::waitKey(int)" (?waitKey@cv@@YAHH@Z) referenced in function _main
EyeScroll.obj : error LNK2019: unresolved external symbol "void __cdecl cv::imshow(class cv::String const &,class cv::debug_build_guard::_InputArray const &)" (?imshow@cv@@YAXABVString@1@ABV_InputArray@debug_build_guard@1@@Z) referenced in function "void __cdecl detectEyes(class cv::Mat &,class cv::CascadeClassifier &,class cv::CascadeClassifier &)" (?detectEyes@@YAXAAVMat@cv@@AAVCascadeClassifier@2@1@Z)
EyeScroll.obj : error LNK2019: unresolved external symbol "void __cdecl cv::HoughCircles(class cv::debug_build_guard::_InputArray const &,class cv::debug_build_guard::_OutputArray const &,int,double,double,double,double,int,int)" (?HoughCircles@cv@@YAXABV_InputArray@debug_build_guard@1@ABV_OutputArray@31@HNNNNHH@Z) referenced in function "void __cdecl detectEyes(class cv::Mat &,class cv::CascadeClassifier &,class cv::CascadeClassifier &)" (?detectEyes@@YAXAAVMat@cv@@AAVCascadeClassifier@2@1@Z)
EyeScroll.obj : error LNK2019: unresolved external symbol "void __cdecl cv::equalizeHist(class cv::debug_build_guard::_InputArray const &,class cv::debug_build_guard::_OutputArray const &)" (?equalizeHist@cv@@YAXABV_InputArray@debug_build_guard@1@ABV_OutputArray@31@@Z) referenced in function "void __cdecl detectEyes(class cv::Mat &,class cv::CascadeClassifier &,class cv::CascadeClassifier &)" (?detectEyes@@YAXAAVMat@cv@@AAVCascadeClassifier@2@1@Z)
EyeScroll.obj : error LNK2019: unresolved external symbol "void __cdecl cv::cvtColor(class cv::debug_build_guard::_InputArray const &,class cv::debug_build_guard::_OutputArray const &,int,int)" (?cvtColor@cv@@YAXABV_InputArray@debug_build_guard@1@ABV_OutputArray@31@HH@Z) referenced in function "void __cdecl detectEyes(class cv::Mat &,class cv::CascadeClassifier &,class cv::CascadeClassifier &)" (?detectEyes@@YAXAAVMat@cv@@AAVCascadeClassifier@2@1@Z)
EyeScroll.obj : error LNK2019: unresolved external symbol "void __cdecl cv::rectangle(class cv::debug_build_guard::_InputOutputArray const &,class cv::Point_<int>,class cv::Point_<int>,class cv::Scalar_<double> const &,int,int,int)" (?rectangle@cv@@YAXABV_InputOutputArray@debug_build_guard@1@V?$Point_@H@1@1ABV?$Scalar_@N@1@HHH@Z) referenced in function "void __cdecl detectEyes(class cv::Mat &,class cv::CascadeClassifier &,class cv::CascadeClassifier &)" (?detectEyes@@YAXAAVMat@cv@@AAVCascadeClassifier@2@1@Z)
EyeScroll.obj : error LNK2019: unresolved external symbol "void __cdecl cv::circle(class cv::debug_build_guard::_InputOutputArray const &,class cv::Point_<int>,int,class cv::Scalar_<double> const &,int,int,int)" (?circle@cv@@YAXABV_InputOutputArray@debug_build_guard@1@V?$Point_@H@1@HABV?$Scalar_@N@1@HHH@Z) referenced in function "void __cdecl detectEyes(class cv::Mat &,class cv::CascadeClassifier &,class cv::CascadeClassifier &)" (?detectEyes@@YAXAAVMat@cv@@AAVCascadeClassifier@2@1@Z)
EyeScroll.obj : error LNK2019: unresolved external symbol "public: __thiscall cv::CascadeClassifier::CascadeClassifier(void)" (??0CascadeClassifier@cv@@QAE@XZ) referenced in function _main
EyeScroll.obj : error LNK2019: unresolved external symbol "public: __thiscall cv::CascadeClassifier::~CascadeClassifier(void)" (??1CascadeClassifier@cv@@QAE@XZ) referenced in function _main
EyeScroll.obj : error LNK2019: unresolved external symbol "public: bool __thiscall cv::CascadeClassifier::load(class cv::String const &)" (?load@CascadeClassifier@cv@@QAE_NABVString@2@@Z) referenced in function _main
EyeScroll.obj : error LNK2019: unresolved external symbol "public: void __thiscall cv::CascadeClassifier::detectMultiScale(class cv::debug_build_guard::_InputArray const &,class std::vector<class cv::Rect_<int>,class std::allocator<class cv::Rect_<int> > > &,double,int,int,class cv::Size_<int>,class cv::Size_<int>)" (?detectMultiScale@CascadeClassifier@cv@@QAEXABV_InputArray@debug_build_guard@2@AAV?$vector@V?$Rect_@H@cv@@V?$allocator@V?$Rect_@H@cv@@@std@@@std@@NHHV?$Size_@H@2@2@Z) referenced in function "void __cdecl detectEyes(class cv::Mat &,class cv::CascadeClassifier &,class cv::CascadeClassifier &)" (?detectEyes@@YAXAAVMat@cv@@AAVCascadeClassifier@2@1@Z)
C:\Users\Sangeeta\source\repos\EyeScroll\Debug\EyeScroll.exe : fatal error LNK1120: 19 unresolved externals
